Build started 13/09/2018 14:35:15.
     1>Project "D:\Users\Matthias\Documents\Visual Studio 2017\Projects\OpenMP-Samples\Samples\Samples.vcxproj" on node 2 (Build target(s)).
     1>InitializeBuildStatus:
         Creating "Samples\tmp\x64\Debug\Samples.tlog\unsuccessfulbuild" because "AlwaysCreate" was specified.
       ClCompile:
         C:\Program Files (x86)\Microsoft Visual Studio\2017\Community\VC\Tools\MSVC\14.15.26726\bin\HostX86\x64\CL.exe /c /ZI /JMC /nologo /W4 /WX- /diagnostics:classic /sdl /Od /D _DEBUG /D _CONSOLE /D _UNICODE /D UNICODE /Gm- /EHsc /RTC1 /MDd /GS /fp:fast /permissive- /Zc:wchar_t /Zc:forScope /Zc:inline /openmp /std:c++latest /Fo"Samples\tmp\x64\Debug\\" /Fd"Samples\tmp\x64\Debug\vc141.pdb" /Gd /TP /FC /errorReport:prompt Samples\src\samples.cpp
         samples.cpp
     1>c1xx : warning C4199: two-phase name lookup is not supported for C++/CLI, C++/CX, or OpenMP; use /Zc:twoPhase-
       Link:
         C:\Program Files (x86)\Microsoft Visual Studio\2017\Community\VC\Tools\MSVC\14.15.26726\bin\HostX86\x64\link.exe /ERRORREPORT:PROMPT /OUT:"Samples\bin\x64\Debug\Samples.exe" /INCREMENTAL /NOLOGO kernel32.lib user32.lib gdi32.lib winspool.lib comdlg32.lib advapi32.lib shell32.lib ole32.lib oleaut32.lib uuid.lib odbc32.lib odbccp32.lib /MANIFEST /MANIFESTUAC:"level='asInvoker' uiAccess='false'" /manifest:embed /DEBUG:FASTLINK /PDB:"Samples\bin\x64\Debug\Samples.pdb" /SUBSYSTEM:CONSOLE /TLBID:1 /DYNAMICBASE /NXCOMPAT /IMPLIB:"Samples\bin\x64\Debug\Samples.lib" /MACHINE:X64 Samples\tmp\x64\Debug\samples.obj
         Samples.vcxproj -> D:\Users\Matthias\Documents\Visual Studio 2017\Projects\OpenMP-Samples\Samples\Samples\bin\x64\Debug\Samples.exe
       FinalizeBuildStatus:
         Deleting file "Samples\tmp\x64\Debug\Samples.tlog\unsuccessfulbuild".
         Touching "Samples\tmp\x64\Debug\Samples.tlog\Samples.lastbuildstate".
     1>Done Building Project "D:\Users\Matthias\Documents\Visual Studio 2017\Projects\OpenMP-Samples\Samples\Samples.vcxproj" (Build target(s)).

Build succeeded.

       "D:\Users\Matthias\Documents\Visual Studio 2017\Projects\OpenMP-Samples\Samples\Samples.vcxproj" (Build target) (1) ->
       (ClCompile target) -> 
         c1xx : warning C4199: two-phase name lookup is not supported for C++/CLI, C++/CX, or OpenMP; use /Zc:twoPhase-

    1 Warning(s)
    0 Error(s)

Time Elapsed 00:00:00.96
